<?xml version="1.0" encoding="UTF-8"?>
<testsuite xmlns:xsi="http://www.w3.org/2001/XMLSchema-instance" xsi:noNamespaceSchemaLocation="https://maven.apache.org/surefire/maven-surefire-plugin/xsd/surefire-test-report-3.0.xsd" version="3.0" name="com.app.report.ExcelReportGeneratorTest" time="6.381" tests="6" errors="0" skipped="0" failures="0">
  <properties>
[...]
</properties>
  <testcase name="testGenerateReport_withData" classname="com.app.report.ExcelReportGeneratorTest" time="5.943"/>
  <testcase name="testFileDetail_tablesAndColumnsCommaSeparated" classname="com.app.report.ExcelReportGeneratorTest" time="0.004"/>
  <testcase name="testGenerateReport_emptyResult" classname="com.app.report.ExcelReportGeneratorTest" time="0.202"/>
  <testcase name="testTableUsagesSortedByCount_descending" classname="com.app.report.ExcelReportGeneratorTest" time="0.003"/>
  <testcase name="testGenerateReport_overwritesExistingFile" classname="com.app.report.ExcelReportGeneratorTest" time="0.219"/>
  <testcase name="testColumnUsagesSortedByTableAndCount" classname="com.app.report.ExcelReportGeneratorTest" time="0.003"/>
</testsuite>