<?xml version="1.0" encoding="UTF-8"?>
<testsuite xmlns:xsi="http://www.w3.org/2001/XMLSchema-instance" xsi:noNamespaceSchemaLocation="https://maven.apache.org/surefire/maven-surefire-plugin/xsd/surefire-test-report-3.0.xsd" version="3.0" name="com.app.extractor.SqlExtractorTest" time="0.181" tests="13" errors="0" skipped="0" failures="0">
  <properties>
[...]
</properties>
  <testcase name="testDelete_extractsTable" classname="com.app.extractor.SqlExtractorTest" time="0.063"/>
  <testcase name="testSelectWithWhere_extractsColumns" classname="com.app.extractor.SqlExtractorTest" time="0.02"/>
  <testcase name="testMultipleStatementsSeparatedBySemicolon" classname="com.app.extractor.SqlExtractorTest" time="0.002"/>
  <testcase name="testSelectWithJoin_extractsBothTables" classname="com.app.extractor.SqlExtractorTest" time="0.005"/>
  <testcase name="testFileDetail_collectsTablesAndColumns" classname="com.app.extractor.SqlExtractorTest" time="0.001"/>
  <testcase name="testNullSql_handledGracefully" classname="com.app.extractor.SqlExtractorTest" time="0.001"/>
  <testcase name="testInsertSelect_extractsBothTables" classname="com.app.extractor.SqlExtractorTest" time="0.002"/>
  <testcase name="testDuplicateTableInMultipleQueries_countsAggregated" classname="com.app.extractor.SqlExtractorTest" time="0.006"/>
  <testcase name="testSimpleSelect_extractsTableAndColumns" classname="com.app.extractor.SqlExtractorTest" time="0"/>
  <testcase name="testEmptySql_handledGracefully" classname="com.app.extractor.SqlExtractorTest" time="0"/>
  <testcase name="testInvalidSql_fallsBackToRegex" classname="com.app.extractor.SqlExtractorTest" time="0"/>
  <testcase name="testInsert_extractsTargetTable" classname="com.app.extractor.SqlExtractorTest" time="0"/>
  <testcase name="testUpdate_extractsTable" classname="com.app.extractor.SqlExtractorTest" time="0"/>
</testsuite>